<?xml version="1.0" encoding="UTF-8"?>
<testsuite xmlns:xsi="http://www.w3.org/2001/XMLSchema-instance" xsi:noNamespaceSchemaLocation="https://maven.apache.org/surefire/maven-surefire-plugin/xsd/surefire-test-report.xsd" name="listagemTitulos.ListarTodasRegioesXmlTest" time="0.703" tests="6" errors="0" skipped="0" failures="0">
  <properties>
[...]
</properties>
  <testcase name="CT07_ListarAno" classname="listagemTitulos.ListarTodasRegioesXmlTest" time="0.514"/>
  <testcase name="CT08_ListarAcimaDe2Anos" classname="listagemTitulos.ListarTodasRegioesXmlTest" time="0.084"/>
  <testcase name="CT09_UrlInvalida" classname="listagemTitulos.ListarTodasRegioesXmlTest" time="0.035"/>
  <testcase name="CT10_ListarAnoRegiao" classname="listagemTitulos.ListarTodasRegioesXmlTest" time="0.053"/>
  <testcase name="CT11_RegiaoInvalida" classname="listagemTitulos.ListarTodasRegioesXmlTest" time="0.009"/>
  <testcase name="CT12_ListarAnoFuturo" classname="listagemTitulos.ListarTodasRegioesXmlTest" time="0.003"/>
</testsuite>